#
# There is insufficient memory for the Java Runtime Environment to continue.
# Native memory allocation (malloc) failed to allocate 1048576 bytes for AllocateHeap
# Possible reasons:
#   The system is out of physical RAM or swap space
#   The process is running with CompressedOops enabled, and the Java Heap may be blocking the growth of the native heap
# Possible solutions:
#   Reduce memory load on the system
#   Increase physical memory or swap space
#   Check if swap backing store is full
#   Decrease Java heap size (-Xmx/-Xms)
#   Decrease number of Java threads
#   Decrease Java thread stack sizes (-Xss)
#   Set larger code cache with -XX:ReservedCodeCacheSize=
# This output file may be truncated or incomplete.
#
#  Out of Memory Error (src/hotspot/share/memory/allocation.cpp:46), pid=8400, tid=10640
#
# JRE version:  (11.0.15) (build )
# Java VM: OpenJDK 64-Bit Server VM (11.0.15+0-b2043.56-9505619, mixed mode, sharing, tiered, compressed oops, g1 gc, windows-amd64)
# No core dump will be written. Minidumps are not enabled by default on client versions of Windows
#

---------------  S U M M A R Y ------------

Command Line: git4idea.http.GitAskPassApp Username for 'https://github.com': 

Host: Intel(R) Core(TM) i5-6300U CPU @ 2.40GHz, 4 cores, 7G,  Windows 10 , 64 bit Build 19041 (10.0.19041.2913)
Time: Fri May 12 16:43:46 2023 Nepal Standard Time elapsed time: 0.020512 seconds (0d 0h 0m 0s)

---------------  T H R E A D  ---------------

Current thread (0x000001795f022800):  JavaThread "Unknown thread" [_thread_in_vm, id=10640, stack(0x0000005d7f100000,0x0000005d7f200000)]

Stack: [0x0000005d7f100000,0x0000005d7f200000]
Native frames: (J=compiled Java code, j=interpreted, Vv=VM code, C=native code)
V  [jvm.dll+0x64135a]
V  [jvm.dll+0x7d39f9]
V  [jvm.dll+0x7d51b9]
V  [jvm.dll+0x7d58a3]
V  [jvm.dll+0x2691c5]
V  [jvm.dll+0xb8874]
V  [jvm.dll+0x305f59]
V  [jvm.dll+0x2ffaed]
V  [jvm.dll+0x7accd7]
V  [jvm.dll+0x7ae49f]
V  [jvm.dll+0x37d299]
V  [jvm.dll+0x78ef9f]
V  [jvm.dll+0x3ec847]
V  [jvm.dll+0x3eed31]
C  [jli.dll+0x52cb]
C  [ucrtbase.dll+0x21bb2]
C  [KERNEL32.DLL+0x17614]
C  [ntdll.dll+0x526a1]


---------------  P R O C E S S  ---------------

Threads class SMR info:
_java_thread_list=0x000001795ee12820, length=0, elements={
}

Java Threads: ( => current thread )

Other Threads:
  0x000001795f03c800 GCTaskThread "GC Thread#0" [stack: 0x0000005d7f200000,0x0000005d7f300000] [id=5448]

[error occurred during error reporting (printing all threads), id 0xc0000005, EXCEPTION_ACCESS_VIOLATION (0xc0000005) at pc=0x00007ff9d981bf70]

VM state:not at safepoint (not fully initialized)

VM Mutex/Monitor currently owned by a thread:  ([mutex/lock_event])
[0x000001795f01fb90] Heap_lock - owner thread: 0x000001795f022800

Heap address: 0x0000000081c00000, size: 2020 MB, Compressed Oops mode: Non-zero based: 0x0000000081c00000
Narrow klass base: 0x0000000000000000, Narrow klass shift: 0

GC Heap History (0 events):
No events

Deoptimization events (0 events):
No events

Classes redefined (0 events):
No events

Internal exceptions (0 events):
No events

Events (1 events):
Event: 0.015 Loaded shared library C:\Program Files\Android\Android Studio\jbr\bin\zip.dll


Dynamic libraries:
0x00007ff71dce0000 - 0x00007ff71dcea000 	C:\Program Files\Android\Android Studio\jbr\bin\java.exe
0x00007ffa13670000 - 0x00007ffa13868000 	C:\WINDOWS\SYSTEM32\ntdll.dll
0x00007ffa116d0000 - 0x00007ffa1178f000 	C:\WINDOWS\System32\KERNEL32.DLL
0x00007ffa11200000 - 0x00007ffa114f6000 	C:\WINDOWS\System32\KERNELBASE.dll
0x00007ffa10d50000 - 0x00007ffa10e50000 	C:\WINDOWS\System32\ucrtbase.dll
0x00007ff9fdea0000 - 0x00007ff9fdeb7000 	C:\Program Files\Android\Android Studio\jbr\bin\jli.dll
0x00007ff9fe3b0000 - 0x00007ff9fe3cb000 	C:\Program Files\Android\Android Studio\jbr\bin\VCRUNTIME140.dll
0x00007ffa12240000 - 0x00007ffa123dd000 	C:\WINDOWS\System32\USER32.dll
0x00007ffa10e50000 - 0x00007ffa10e72000 	C:\WINDOWS\System32\win32u.dll
0x00007ff9fe0f0000 - 0x00007ff9fe38a000 	C:\WINDOWS\WinSxS\amd64_microsoft.windows.common-controls_6595b64144ccf1df_6.0.19041.1110_none_60b5254171f9507e\COMCTL32.dll
0x00007ffa12160000 - 0x00007ffa1218c000 	C:\WINDOWS\System32\GDI32.dll
0x00007ffa132b0000 - 0x00007ffa1334e000 	C:\WINDOWS\System32\msvcrt.dll
0x00007ffa10fe0000 - 0x00007ffa110f5000 	C:\WINDOWS\System32\gdi32full.dll
0x00007ffa11630000 - 0x00007ffa116cd000 	C:\WINDOWS\System32\msvcp_win.dll
0x00007ffa12c20000 - 0x00007ffa12c50000 	C:\WINDOWS\System32\IMM32.DLL
0x00007ffa0a790000 - 0x00007ffa0a79c000 	C:\Program Files\Android\Android Studio\jbr\bin\vcruntime140_1.dll
0x00007ff9e3580000 - 0x00007ff9e360d000 	C:\Program Files\Android\Android Studio\jbr\bin\msvcp140.dll
0x00007ff9d9510000 - 0x00007ff9da0cc000 	C:\Program Files\Android\Android Studio\jbr\bin\server\jvm.dll
0x00007ffa12e20000 - 0x00007ffa12ecf000 	C:\WINDOWS\System32\ADVAPI32.dll
0x00007ffa12870000 - 0x00007ffa1290c000 	C:\WINDOWS\System32\sechost.dll
0x00007ffa129d0000 - 0x00007ffa12af6000 	C:\WINDOWS\System32\RPCRT4.dll
0x00007ffa12e10000 - 0x00007ffa12e18000 	C:\WINDOWS\System32\PSAPI.DLL
0x00007ffa0f480000 - 0x00007ffa0f489000 	C:\WINDOWS\SYSTEM32\WSOCK32.dll
0x00007ffa11f40000 - 0x00007ffa11fab000 	C:\WINDOWS\System32\WS2_32.dll
0x00007ff9ffff0000 - 0x00007ffa00017000 	C:\WINDOWS\SYSTEM32\WINMM.dll
0x00007ffa086f0000 - 0x00007ffa086fa000 	C:\WINDOWS\SYSTEM32\VERSION.dll
0x00007ffa0f5d0000 - 0x00007ffa0f5e2000 	C:\WINDOWS\SYSTEM32\kernel.appcore.dll
0x00007ffa0c0a0000 - 0x00007ffa0c0b0000 	C:\Program Files\Android\Android Studio\jbr\bin\verify.dll
0x00007ffa0f270000 - 0x00007ffa0f454000 	C:\WINDOWS\SYSTEM32\DBGHELP.DLL
0x00007ff9fe860000 - 0x00007ff9fe894000 	C:\WINDOWS\SYSTEM32\dbgcore.DLL
0x00007ffa11570000 - 0x00007ffa115f2000 	C:\WINDOWS\System32\bcryptPrimitives.dll
0x00007ffa0a760000 - 0x00007ffa0a788000 	C:\Program Files\Android\Android Studio\jbr\bin\java.dll
0x00007ffa0c090000 - 0x00007ffa0c09a000 	C:\Program Files\Android\Android Studio\jbr\bin\jimage.dll
0x00007ffa0a6e0000 - 0x00007ffa0a6f8000 	C:\Program Files\Android\Android Studio\jbr\bin\zip.dll

dbghelp: loaded successfully - version: 4.0.5 - missing functions: none
symbol engine: initialized successfully - sym options: 0x614 - pdb path: .;C:\Program Files\Android\Android Studio\jbr\bin;C:\WINDOWS\SYSTEM32;C:\WINDOWS\WinSxS\amd64_microsoft.windows.common-controls_6595b64144ccf1df_6.0.19041.1110_none_60b5254171f9507e;C:\Program Files\Android\Android Studio\jbr\bin\server

VM Arguments:
java_command: git4idea.http.GitAskPassApp Username for 'https://github.com': 
java_class_path (initial): C:/Program Files/Android/Android Studio/plugins/git4idea/lib/git4idea-rt.jar;C:/Program Files/Android/Android Studio/lib/externalProcess-rt.jar;C:/Program Files/Android/Android Studio/lib/app.jar;C:/Program Files/Android/Android Studio/lib/3rd-party-rt.jar
Launcher Type: SUN_STANDARD

[Global flags]
     intx CICompilerCount                          = 3                                         {product} {ergonomic}
     uint ConcGCThreads                            = 1                                         {product} {ergonomic}
     uint G1ConcRefinementThreads                  = 4                                         {product} {ergonomic}
   size_t G1HeapRegionSize                         = 1048576                                   {product} {ergonomic}
    uintx GCDrainStackTargetSize                   = 64                                        {product} {ergonomic}
   size_t InitialHeapSize                          = 134217728                                 {product} {ergonomic}
   size_t MarkStackSize                            = 4194304                                   {product} {ergonomic}
   size_t MaxHeapSize                              = 2118123520                                {product} {ergonomic}
   size_t MinHeapDeltaBytes                        = 1048576                                   {product} {ergonomic}
    uintx NonNMethodCodeHeapSize                   = 5830732                                {pd product} {ergonomic}
    uintx NonProfiledCodeHeapSize                  = 122913754                              {pd product} {ergonomic}
    uintx ProfiledCodeHeapSize                     = 122913754                              {pd product} {ergonomic}
    uintx ReservedCodeCacheSize                    = 251658240                              {pd product} {ergonomic}
     bool SegmentedCodeCache                       = true                                      {product} {ergonomic}
     bool UseCompressedClassPointers               = true                                 {lp64_product} {ergonomic}
     bool UseCompressedOops                        = true                                 {lp64_product} {ergonomic}
     bool UseG1GC                                  = true                                      {product} {ergonomic}
     bool UseLargePagesIndividualAllocation        = false                                  {pd product} {ergonomic}

Logging:
Log output configuration:
 #0: stdout all=warning uptime,level,tags
 #1: stderr all=off uptime,level,tags

Environment Variables:
PATH=C:/Program Files/Git/mingw64/libexec/git-core;C:/Program Files/Git/mingw64/libexec/git-core;C:\Program Files\Git\mingw64\bin;C:\Program Files\Git\usr\bin;C:\Users\Dell\bin;C:\Program Files\Common Files\Oracle\Java\javapath;C:\oraclexe\app\oracle\product\11.2.0\server\bin;C:\WINDOWS\system32;C:\WINDOWS;C:\WINDOWS\System32\Wbem;C:\WINDOWS\System32\WindowsPowerShell\v1.0\;C:\WINDOWS\System32\OpenSSH\;C:\Program Files\Microsoft SQL Server\150\Tools\Binn\;C:\Program Files\Git\cmd;C:\xampp\php;C:\Program Files\Java\jdk-20\bin;C:\Users\Dell\AppData\Local\Microsoft\WindowsApps
USERNAME=Dell
DISPLAY=:0.0
LC_ALL=en_US.UTF-8
OS=Windows_NT
PROCESSOR_IDENTIFIER=Intel64 Family 6 Model 78 Stepping 3, GenuineIntel



---------------  S Y S T E M  ---------------

OS: Windows 10 , 64 bit Build 19041 (10.0.19041.2913)
OS uptime: 0 days 19:46 hours

CPU:total 4 (initial active 4) (2 cores per cpu, 2 threads per core) family 6 model 78 stepping 3 microcode 0xcc, cmov, cx8, fxsr, mmx, sse, sse2, sse3, ssse3, sse4.1, sse4.2, popcnt, avx, avx2, aes, clmul, erms, rtm, 3dnowpref, lzcnt, ht, tsc, tscinvbit, bmi1, bmi2, adx, fma

Memory: 4k page, system-wide physical 8075M (627M free)
TotalPageFile size 8075M (AvailPageFile size 5M)
current process WorkingSet (physical memory assigned to process): 10M, peak: 10M
current process commit charge ("private bytes"): 50M, peak: 51M

vm_info: OpenJDK 64-Bit Server VM (11.0.15+0-b2043.56-9505619) for windows-amd64 JRE (11.0.15+0-b2043.56-9505619), built on Jan 19 2023 02:48:00 by "builduser" with unknown MS VC++:1929

END.
